<?xml version="1.0" encoding="UTF-8"?>
<testng-results ignored="0" total="2" passed="2" failed="0" skipped="0">
  <reporter-output>
  </reporter-output>
  <suite started-at="2023-07-26T11:00:30 IST" name="Default suite" finished-at="2023-07-26T11:00:34 IST" duration-ms="4336">
    <groups>
    </groups>
    <test started-at="2023-07-26T11:00:30 IST" name="Default test" finished-at="2023-07-26T11:00:34 IST" duration-ms="4336">
      <class name="tests.GetAndPost">
        <test-method signature="testGet()[pri:0, instance:tests.GetAndPost@76c3e77a]" started-at="2023-07-26T11:00:30 IST" name="testGet" finished-at="2023-07-26T11:00:34 IST" duration-ms="4278" status="PASS">
          <reporter-output>
          </reporter-output>
        </test-method> <!-- testGet -->
        <test-method signature="testPost()[pri:0, instance:tests.GetAndPost@76c3e77a]" started-at="2023-07-26T11:00:34 IST" name="testPost" finished-at="2023-07-26T11:00:34 IST" duration-ms="3" status="PASS">
          <reporter-output>
          </reporter-output>
        </test-method> <!-- testPost -->
      </class> <!-- tests.GetAndPost -->
    </test> <!-- Default test -->
  </suite> <!-- Default suite -->
</testng-results>
